0 info it worked if it ends with ok
1 verbose cli [ 'node', '/usr/local/bin/npm', 'install', 'child_process' ]
2 info using npm@2.8.4
3 info using node@v0.10.33
4 verbose install initial load of /Users/bene1/masters_thesis/vapor/vapor-backend/package.json
5 verbose installManyTop reading scoped package data from /Users/bene1/masters_thesis/vapor/vapor-backend/node_modules/body-parser/package.json
6 verbose installManyTop reading scoped package data from /Users/bene1/masters_thesis/vapor/vapor-backend/node_modules/cookie-parser/package.json
7 verbose installManyTop reading scoped package data from /Users/bene1/masters_thesis/vapor/vapor-backend/node_modules/debug/package.json
8 verbose installManyTop reading scoped package data from /Users/bene1/masters_thesis/vapor/vapor-backend/node_modules/express/package.json
9 verbose installManyTop reading scoped package data from /Users/bene1/masters_thesis/vapor/vapor-backend/node_modules/jade/package.json
10 verbose installManyTop reading scoped package data from /Users/bene1/masters_thesis/vapor/vapor-backend/node_modules/method-override/package.json
11 verbose installManyTop reading scoped package data from /Users/bene1/masters_thesis/vapor/vapor-backend/node_modules/mongoose/package.json
12 verbose installManyTop reading scoped package data from /Users/bene1/masters_thesis/vapor/vapor-backend/node_modules/morgan/package.json
13 verbose installManyTop reading scoped package data from /Users/bene1/masters_thesis/vapor/vapor-backend/node_modules/serve-favicon/package.json
14 verbose readDependencies loading dependencies from /Users/bene1/masters_thesis/vapor/vapor-backend/package.json
15 silly cache add args [ 'child_process', null ]
16 verbose cache add spec child_process
17 silly cache add parsed spec { raw: 'child_process',
17 silly cache add   scope: null,
17 silly cache add   name: 'child_process',
17 silly cache add   rawSpec: '',
17 silly cache add   spec: '*',
17 silly cache add   type: 'range' }
18 silly addNamed child_process@*
19 verbose addNamed "*" is a valid semver range for child_process
20 silly addNameRange { name: 'child_process', range: '*', hasData: false }
21 silly mapToRegistry name child_process
22 silly mapToRegistry using default registry
23 silly mapToRegistry registry https://registry.npmjs.org/
24 silly mapToRegistry uri https://registry.npmjs.org/child_process
25 verbose addNameRange registry:https://registry.npmjs.org/child_process not in flight; fetching
26 verbose request uri https://registry.npmjs.org/child_process
27 verbose request no auth needed
28 info attempt registry request try #1 at 15:32:49
29 verbose request id 821bfefd0c90fe8c
30 http request GET https://registry.npmjs.org/child_process
31 http 404 https://registry.npmjs.org/child_process
32 verbose headers { server: 'CouchDB/1.5.0 (Erlang OTP/R16B03)',
32 verbose headers   'content-type': 'application/json',
32 verbose headers   'cache-control': 'max-age=0',
32 verbose headers   'content-length': '51',
32 verbose headers   'accept-ranges': 'bytes',
32 verbose headers   date: 'Thu, 18 Jun 2015 14:32:51 GMT',
32 verbose headers   via: '1.1 varnish',
32 verbose headers   age: '0',
32 verbose headers   connection: 'keep-alive',
32 verbose headers   'x-served-by': 'cache-lcy1133-LCY',
32 verbose headers   'x-cache': 'MISS',
32 verbose headers   'x-cache-hits': '0',
32 verbose headers   'x-timer': 'S1434637970.893652,VS0,VE174' }
33 silly get cb [ 404,
33 silly get   { server: 'CouchDB/1.5.0 (Erlang OTP/R16B03)',
33 silly get     'content-type': 'application/json',
33 silly get     'cache-control': 'max-age=0',
33 silly get     'content-length': '51',
33 silly get     'accept-ranges': 'bytes',
33 silly get     date: 'Thu, 18 Jun 2015 14:32:51 GMT',
33 silly get     via: '1.1 varnish',
33 silly get     age: '0',
33 silly get     connection: 'keep-alive',
33 silly get     'x-served-by': 'cache-lcy1133-LCY',
33 silly get     'x-cache': 'MISS',
33 silly get     'x-cache-hits': '0',
33 silly get     'x-timer': 'S1434637970.893652,VS0,VE174' } ]
34 verbose stack Error: 404 Not Found: child_process
34 verbose stack     at CachingRegistryClient.<anonymous> (/usr/local/lib/node_modules/npm/node_modules/npm-registry-client/lib/request.js:245:14)
34 verbose stack     at Request._callback (/usr/local/lib/node_modules/npm/node_modules/npm-registry-client/lib/request.js:170:14)
34 verbose stack     at Request.self.callback (/usr/local/lib/node_modules/npm/node_modules/request/request.js:368:22)
34 verbose stack     at Request.emit (events.js:98:17)
34 verbose stack     at Request.<anonymous> (/usr/local/lib/node_modules/npm/node_modules/request/request.js:1219:14)
34 verbose stack     at Request.emit (events.js:117:20)
34 verbose stack     at IncomingMessage.<anonymous> (/usr/local/lib/node_modules/npm/node_modules/request/request.js:1167:12)
34 verbose stack     at IncomingMessage.emit (events.js:117:20)
34 verbose stack     at _stream_readable.js:943:16
34 verbose stack     at process._tickCallback (node.js:419:13)
35 verbose statusCode 404
36 verbose pkgid child_process
37 verbose cwd /Users/bene1/masters_thesis/vapor/vapor-backend
38 error Darwin 14.3.0
39 error argv "node" "/usr/local/bin/npm" "install" "child_process"
40 error node v0.10.33
41 error npm  v2.8.4
42 error code E404
43 error 404 Not Found: child_process
43 error 404
43 error 404 'child_process' is not in the npm registry.
43 error 404 You should bug the author to publish it (or use the name yourself!)
43 error 404 It was specified as a dependency of 'VAPoR'
43 error 404
43 error 404 Note that you can also install from a
43 error 404 tarball, folder, http url, or git url.
44 verbose exit [ 1, true ]
